<?xml version="1.0" encoding="UTF-8"?>
<!-- Generated by org.testng.reporters.JUnitReportReporter -->
<testsuite hostname="VW_PC_George" name="Test.TestFormulario" tests="1" failures="0" timestamp="7 Dec 2019 22:26:30 GMT" time="17.565" errors="0">
  <testcase name="RegistrarFormulario" time="17.565" classname="Test.TestFormulario"/>
</testsuite> <!-- Test.TestFormulario -->
